  [1m[36m (12.9ms)[0m  [1mCREATE TABLE "schema_migrations" ("version" varchar NOT NULL) [0m
  [1m[35m (0.3ms)[0m  select sqlite_version(*)
  [1m[36m (14.2ms)[0m  [1mCREATE UNIQUE INDEX "unique_schema_migrations" ON "schema_migrations" ("version")[0m
  [1m[35mActiveRecord::SchemaMigration Load (1.6ms)[0m  SELECT "schema_migrations".* FROM "schema_migrations"
Migrating to CreateUsers (20190822183957)
  [1m[36m (0.1ms)[0m  [1mbegin transaction[0m
  [1m[35m (5.3ms)[0m  CREATE TABLE "users" ("id" INTEGER PRIMARY KEY AUTOINCREMENT NOT NULL, "name" varchar, "email" varchar, "password_digest" varchar, "created_at" datetime NOT NULL, "updated_at" datetime NOT NULL) 
  [1m[36mSQL (1.5ms)[0m  [1mINSERT INTO "schema_migrations" ("version") VALUES (?)[0m  [["version", "20190822183957"]]
  [1m[35m (3.4ms)[0m  commit transaction
  [1m[36mActiveRecord::SchemaMigration Load (2.6ms)[0m  [1mSELECT "schema_migrations".* FROM "schema_migrations"[0m


Started GET "/" for 10.0.2.2 at 2019-08-22 18:47:19 +0000
Cannot render console from 10.0.2.2! Allowed networks: 127.0.0.1, ::1, 127.0.0.0/127.255.255.255
  [1m[36mActiveRecord::SchemaMigration Load (1.3ms)[0m  [1mSELECT "schema_migrations".* FROM "schema_migrations"[0m
Processing by Rails::WelcomeController#index as HTML
  Rendered /home/vagrant/.rvm/gems/ruby-2.3.1/gems/railties-4.2.7/lib/rails/templates/rails/welcome/index.html.erb (13.7ms)
Completed 200 OK in 154ms (Views: 129.3ms | ActiveRecord: 0.0ms)


Started GET "/users/new" for 10.0.2.2 at 2019-08-22 18:48:28 +0000
Cannot render console from 10.0.2.2! Allowed networks: 127.0.0.1, ::1, 127.0.0.0/127.255.255.255

ActionController::RoutingError (No route matches [GET] "/users/new"):
  actionpack (4.2.7) lib/action_dispatch/middleware/debug_exceptions.rb:21:in `call'
  web-console (2.3.0) lib/web_console/middleware.rb:20:in `block in call'
  web-console (2.3.0) lib/web_console/middleware.rb:18:in `catch'
  web-console (2.3.0) lib/web_console/middleware.rb:18:in `call'
  actionpack (4.2.7) lib/action_dispatch/middleware/show_exceptions.rb:30:in `call'
  railties (4.2.7) lib/rails/rack/logger.rb:38:in `call_app'
  railties (4.2.7) lib/rails/rack/logger.rb:20:in `block in call'
  activesupport (4.2.7) lib/active_support/tagged_logging.rb:68:in `block in tagged'
  activesupport (4.2.7) lib/active_support/tagged_logging.rb:26:in `tagged'
  activesupport (4.2.7) lib/active_support/tagged_logging.rb:68:in `tagged'
  railties (4.2.7) lib/rails/rack/logger.rb:20:in `call'
  actionpack (4.2.7) lib/action_dispatch/middleware/request_id.rb:21:in `call'
  rack (1.6.11) lib/rack/methodoverride.rb:22:in `call'
  rack (1.6.11) lib/rack/runtime.rb:18:in `call'
  activesupport (4.2.7) lib/active_support/cache/strategy/local_cache_middleware.rb:28:in `call'
  rack (1.6.11) lib/rack/lock.rb:17:in `call'
  actionpack (4.2.7) lib/action_dispatch/middleware/static.rb:120:in `call'
  rack (1.6.11) lib/rack/sendfile.rb:113:in `call'
  railties (4.2.7) lib/rails/engine.rb:518:in `call'
  railties (4.2.7) lib/rails/application.rb:165:in `call'
  rack (1.6.11) lib/rack/lock.rb:17:in `call'
  rack (1.6.11) lib/rack/content_length.rb:15:in `call'
  rack (1.6.11) lib/rack/handler/webrick.rb:88:in `service'
  /home/vagrant/.rvm/rubies/ruby-2.3.1/lib/ruby/2.3.0/webrick/httpserver.rb:140:in `service'
  /home/vagrant/.rvm/rubies/ruby-2.3.1/lib/ruby/2.3.0/webrick/httpserver.rb:96:in `run'
  /home/vagrant/.rvm/rubies/ruby-2.3.1/lib/ruby/2.3.0/webrick/server.rb:296:in `block in start_thread'


  Rendered /home/vagrant/.rvm/gems/ruby-2.3.1/gems/actionpack-4.2.7/lib/action_dispatch/middleware/templates/rescues/_trace.html.erb (1.4ms)
  Rendered /home/vagrant/.rvm/gems/ruby-2.3.1/gems/actionpack-4.2.7/lib/action_dispatch/middleware/templates/routes/_table.html.erb (36.7ms)
  Rendered /home/vagrant/.rvm/gems/ruby-2.3.1/gems/actionpack-4.2.7/lib/action_dispatch/middleware/templates/rescues/_request_and_response.html.erb (2.2ms)
  Rendered /home/vagrant/.rvm/gems/ruby-2.3.1/gems/actionpack-4.2.7/lib/action_dispatch/middleware/templates/rescues/routing_error.html.erb within rescues/layout (73.5ms)


Started GET "/users/new" for 10.0.2.2 at 2019-08-22 18:57:35 +0000
Cannot render console from 10.0.2.2! Allowed networks: 127.0.0.1, ::1, 127.0.0.0/127.255.255.255

ActionController::RoutingError (uninitialized constant UsersController):
  activesupport (4.2.7) lib/active_support/inflector/methods.rb:261:in `const_get'
  activesupport (4.2.7) lib/active_support/inflector/methods.rb:261:in `block in constantize'
  activesupport (4.2.7) lib/active_support/inflector/methods.rb:259:in `each'
  activesupport (4.2.7) lib/active_support/inflector/methods.rb:259:in `inject'
  activesupport (4.2.7) lib/active_support/inflector/methods.rb:259:in `constantize'
  actionpack (4.2.7) lib/action_dispatch/routing/route_set.rb:70:in `controller_reference'
  actionpack (4.2.7) lib/action_dispatch/routing/route_set.rb:60:in `controller'
  actionpack (4.2.7) lib/action_dispatch/routing/route_set.rb:39:in `serve'
  actionpack (4.2.7) lib/action_dispatch/journey/router.rb:43:in `block in serve'
  actionpack (4.2.7) lib/action_dispatch/journey/router.rb:30:in `each'
  actionpack (4.2.7) lib/action_dispatch/journey/router.rb:30:in `serve'
  actionpack (4.2.7) lib/action_dispatch/routing/route_set.rb:817:in `call'
  rack (1.6.11) lib/rack/etag.rb:24:in `call'
  rack (1.6.11) lib/rack/conditionalget.rb:25:in `call'
  rack (1.6.11) lib/rack/head.rb:13:in `call'
  actionpack (4.2.7) lib/action_dispatch/middleware/params_parser.rb:27:in `call'
  actionpack (4.2.7) lib/action_dispatch/middleware/flash.rb:260:in `call'
  rack (1.6.11) lib/rack/session/abstract/id.rb:225:in `context'
  rack (1.6.11) lib/rack/session/abstract/id.rb:220:in `call'
  actionpack (4.2.7) lib/action_dispatch/middleware/cookies.rb:560:in `call'
  activerecord (4.2.7) lib/active_record/query_cache.rb:36:in `call'
  activerecord (4.2.7) lib/active_record/connection_adapters/abstract/connection_pool.rb:653:in `call'
  activerecord (4.2.7) lib/active_record/migration.rb:377:in `call'
  actionpack (4.2.7) lib/action_dispatch/middleware/callbacks.rb:29:in `block in call'
  activesupport (4.2.7) lib/active_support/callbacks.rb:88:in `__run_callbacks__'
  activesupport (4.2.7) lib/active_support/callbacks.rb:778:in `_run_call_callbacks'
  activesupport (4.2.7) lib/active_support/callbacks.rb:81:in `run_callbacks'
  actionpack (4.2.7) lib/action_dispatch/middleware/callbacks.rb:27:in `call'
  actionpack (4.2.7) lib/action_dispatch/middleware/reloader.rb:73:in `call'
  actionpack (4.2.7) lib/action_dispatch/middleware/remote_ip.rb:78:in `call'
  actionpack (4.2.7) lib/action_dispatch/middleware/debug_exceptions.rb:17:in `call'
  web-console (2.3.0) lib/web_console/middleware.rb:20:in `block in call'
  web-console (2.3.0) lib/web_console/middleware.rb:18:in `catch'
  web-console (2.3.0) lib/web_console/middleware.rb:18:in `call'
  actionpack (4.2.7) lib/action_dispatch/middleware/show_exceptions.rb:30:in `call'
  railties (4.2.7) lib/rails/rack/logger.rb:38:in `call_app'
  railties (4.2.7) lib/rails/rack/logger.rb:20:in `block in call'
  activesupport (4.2.7) lib/active_support/tagged_logging.rb:68:in `block in tagged'
  activesupport (4.2.7) lib/active_support/tagged_logging.rb:26:in `tagged'
  activesupport (4.2.7) lib/active_support/tagged_logging.rb:68:in `tagged'
  railties (4.2.7) lib/rails/rack/logger.rb:20:in `call'
  actionpack (4.2.7) lib/action_dispatch/middleware/request_id.rb:21:in `call'
  rack (1.6.11) lib/rack/methodoverride.rb:22:in `call'
  rack (1.6.11) lib/rack/runtime.rb:18:in `call'
  activesupport (4.2.7) lib/active_support/cache/strategy/local_cache_middleware.rb:28:in `call'
  rack (1.6.11) lib/rack/lock.rb:17:in `call'
  actionpack (4.2.7) lib/action_dispatch/middleware/static.rb:120:in `call'
  rack (1.6.11) lib/rack/sendfile.rb:113:in `call'
  railties (4.2.7) lib/rails/engine.rb:518:in `call'
  railties (4.2.7) lib/rails/application.rb:165:in `call'
  rack (1.6.11) lib/rack/lock.rb:17:in `call'
  rack (1.6.11) lib/rack/content_length.rb:15:in `call'
  rack (1.6.11) lib/rack/handler/webrick.rb:88:in `service'
  /home/vagrant/.rvm/rubies/ruby-2.3.1/lib/ruby/2.3.0/webrick/httpserver.rb:140:in `service'
  /home/vagrant/.rvm/rubies/ruby-2.3.1/lib/ruby/2.3.0/webrick/httpserver.rb:96:in `run'
  /home/vagrant/.rvm/rubies/ruby-2.3.1/lib/ruby/2.3.0/webrick/server.rb:296:in `block in start_thread'


  Rendered /home/vagrant/.rvm/gems/ruby-2.3.1/gems/actionpack-4.2.7/lib/action_dispatch/middleware/templates/rescues/_trace.html.erb (1.9ms)
  Rendered /home/vagrant/.rvm/gems/ruby-2.3.1/gems/actionpack-4.2.7/lib/action_dispatch/middleware/templates/routes/_route.html.erb (4.8ms)
  Rendered /home/vagrant/.rvm/gems/ruby-2.3.1/gems/actionpack-4.2.7/lib/action_dispatch/middleware/templates/routes/_table.html.erb (2.3ms)
  Rendered /home/vagrant/.rvm/gems/ruby-2.3.1/gems/actionpack-4.2.7/lib/action_dispatch/middleware/templates/rescues/_request_and_response.html.erb (1.6ms)
  Rendered /home/vagrant/.rvm/gems/ruby-2.3.1/gems/actionpack-4.2.7/lib/action_dispatch/middleware/templates/rescues/routing_error.html.erb within rescues/layout (42.8ms)


Started GET "/users/new" for 10.0.2.2 at 2019-08-22 19:03:00 +0000
Cannot render console from 10.0.2.2! Allowed networks: 127.0.0.1, ::1, 127.0.0.0/127.255.255.255
  [1m[36mActiveRecord::SchemaMigration Load (2.1ms)[0m  [1mSELECT "schema_migrations".* FROM "schema_migrations"[0m
Processing by UsersController#new as HTML
Completed 500 Internal Server Error in 164ms (ActiveRecord: 0.0ms)

ActionView::MissingTemplate (Missing template users/new, application/new with {:locale=>[:en], :formats=>[:html], :variants=>[], :handlers=>[:erb, :builder, :raw, :ruby, :coffee, :jbuilder]}. Searched in:
  * "/vagrant/DojoSecrets/app/views"
):
  actionview (4.2.7) lib/action_view/path_set.rb:46:in `find'
  actionview (4.2.7) lib/action_view/lookup_context.rb:121:in `find'
  actionview (4.2.7) lib/action_view/renderer/abstract_renderer.rb:18:in `find_template'
  actionview (4.2.7) lib/action_view/renderer/template_renderer.rb:40:in `determine_template'
  actionview (4.2.7) lib/action_view/renderer/template_renderer.rb:8:in `render'
  actionview (4.2.7) lib/action_view/renderer/renderer.rb:46:in `render_template'
  actionview (4.2.7) lib/action_view/renderer/renderer.rb:27:in `render'
  actionview (4.2.7) lib/action_view/rendering.rb:100:in `_render_template'
  actionpack (4.2.7) lib/action_controller/metal/streaming.rb:217:in `_render_template'
  actionview (4.2.7) lib/action_view/rendering.rb:83:in `render_to_body'
  actionpack (4.2.7) lib/action_controller/metal/rendering.rb:32:in `render_to_body'
  actionpack (4.2.7) lib/action_controller/metal/renderers.rb:37:in `render_to_body'
  actionpack (4.2.7) lib/abstract_controller/rendering.rb:25:in `render'
  actionpack (4.2.7) lib/action_controller/metal/rendering.rb:16:in `render'
  actionpack (4.2.7) lib/action_controller/metal/instrumentation.rb:44:in `block (2 levels) in render'
  activesupport (4.2.7) lib/active_support/core_ext/benchmark.rb:12:in `block in ms'
  /home/vagrant/.rvm/rubies/ruby-2.3.1/lib/ruby/2.3.0/benchmark.rb:308:in `realtime'
  activesupport (4.2.7) lib/active_support/core_ext/benchmark.rb:12:in `ms'
  actionpack (4.2.7) lib/action_controller/metal/instrumentation.rb:44:in `block in render'
  actionpack (4.2.7) lib/action_controller/metal/instrumentation.rb:87:in `cleanup_view_runtime'
  activerecord (4.2.7) lib/active_record/railties/controller_runtime.rb:25:in `cleanup_view_runtime'
  actionpack (4.2.7) lib/action_controller/metal/instrumentation.rb:43:in `render'
  actionpack (4.2.7) lib/action_controller/metal/implicit_render.rb:10:in `default_render'
  actionpack (4.2.7) lib/action_controller/metal/implicit_render.rb:5:in `send_action'
  actionpack (4.2.7) lib/abstract_controller/base.rb:198:in `process_action'
  actionpack (4.2.7) lib/action_controller/metal/rendering.rb:10:in `process_action'
  actionpack (4.2.7) lib/abstract_controller/callbacks.rb:20:in `block in process_action'
  activesupport (4.2.7) lib/active_support/callbacks.rb:117:in `call'
  activesupport (4.2.7) lib/active_support/callbacks.rb:555:in `block (2 levels) in compile'
  activesupport (4.2.7) lib/active_support/callbacks.rb:505:in `call'
  activesupport (4.2.7) lib/active_support/callbacks.rb:92:in `__run_callbacks__'
  activesupport (4.2.7) lib/active_support/callbacks.rb:778:in `_run_process_action_callbacks'
  activesupport (4.2.7) lib/active_support/callbacks.rb:81:in `run_callbacks'
  actionpack (4.2.7) lib/abstract_controller/callbacks.rb:19:in `process_action'
  actionpack (4.2.7) lib/action_controller/metal/rescue.rb:29:in `process_action'
  actionpack (4.2.7) lib/action_controller/metal/instrumentation.rb:32:in `block in process_action'
  activesupport (4.2.7) lib/active_support/notifications.rb:164:in `block in instrument'
  activesupport (4.2.7) lib/active_support/notifications/instrumenter.rb:20:in `instrument'
  activesupport (4.2.7) lib/active_support/notifications.rb:164:in `instrument'
  actionpack (4.2.7) lib/action_controller/metal/instrumentation.rb:30:in `process_action'
  actionpack (4.2.7) lib/action_controller/metal/params_wrapper.rb:250:in `process_action'
  activerecord (4.2.7) lib/active_record/railties/controller_runtime.rb:18:in `process_action'
  actionpack (4.2.7) lib/abstract_controller/base.rb:137:in `process'
  actionview (4.2.7) lib/action_view/rendering.rb:30:in `process'
  actionpack (4.2.7) lib/action_controller/metal.rb:196:in `dispatch'
  actionpack (4.2.7) lib/action_controller/metal/rack_delegation.rb:13:in `dispatch'
  actionpack (4.2.7) lib/action_controller/metal.rb:237:in `block in action'
  actionpack (4.2.7) lib/action_dispatch/routing/route_set.rb:74:in `dispatch'
  actionpack (4.2.7) lib/action_dispatch/routing/route_set.rb:43:in `serve'
  actionpack (4.2.7) lib/action_dispatch/journey/router.rb:43:in `block in serve'
  actionpack (4.2.7) lib/action_dispatch/journey/router.rb:30:in `each'
  actionpack (4.2.7) lib/action_dispatch/journey/router.rb:30:in `serve'
  actionpack (4.2.7) lib/action_dispatch/routing/route_set.rb:817:in `call'
  rack (1.6.11) lib/rack/etag.rb:24:in `call'
  rack (1.6.11) lib/rack/conditionalget.rb:25:in `call'
  rack (1.6.11) lib/rack/head.rb:13:in `call'
  actionpack (4.2.7) lib/action_dispatch/middleware/params_parser.rb:27:in `call'
  actionpack (4.2.7) lib/action_dispatch/middleware/flash.rb:260:in `call'
  rack (1.6.11) lib/rack/session/abstract/id.rb:225:in `context'
  rack (1.6.11) lib/rack/session/abstract/id.rb:220:in `call'
  actionpack (4.2.7) lib/action_dispatch/middleware/cookies.rb:560:in `call'
  activerecord (4.2.7) lib/active_record/query_cache.rb:36:in `call'
  activerecord (4.2.7) lib/active_record/connection_adapters/abstract/connection_pool.rb:653:in `call'
  activerecord (4.2.7) lib/active_record/migration.rb:377:in `call'
  actionpack (4.2.7) lib/action_dispatch/middleware/callbacks.rb:29:in `block in call'
  activesupport (4.2.7) lib/active_support/callbacks.rb:88:in `__run_callbacks__'
  activesupport (4.2.7) lib/active_support/callbacks.rb:778:in `_run_call_callbacks'
  activesupport (4.2.7) lib/active_support/callbacks.rb:81:in `run_callbacks'
  actionpack (4.2.7) lib/action_dispatch/middleware/callbacks.rb:27:in `call'
  actionpack (4.2.7) lib/action_dispatch/middleware/reloader.rb:73:in `call'
  actionpack (4.2.7) lib/action_dispatch/middleware/remote_ip.rb:78:in `call'
  actionpack (4.2.7) lib/action_dispatch/middleware/debug_exceptions.rb:17:in `call'
  web-console (2.3.0) lib/web_console/middleware.rb:20:in `block in call'
  web-console (2.3.0) lib/web_console/middleware.rb:18:in `catch'
  web-console (2.3.0) lib/web_console/middleware.rb:18:in `call'
  actionpack (4.2.7) lib/action_dispatch/middleware/show_exceptions.rb:30:in `call'
  railties (4.2.7) lib/rails/rack/logger.rb:38:in `call_app'
  railties (4.2.7) lib/rails/rack/logger.rb:20:in `block in call'
  activesupport (4.2.7) lib/active_support/tagged_logging.rb:68:in `block in tagged'
  activesupport (4.2.7) lib/active_support/tagged_logging.rb:26:in `tagged'
  activesupport (4.2.7) lib/active_support/tagged_logging.rb:68:in `tagged'
  railties (4.2.7) lib/rails/rack/logger.rb:20:in `call'
  actionpack (4.2.7) lib/action_dispatch/middleware/request_id.rb:21:in `call'
  rack (1.6.11) lib/rack/methodoverride.rb:22:in `call'
  rack (1.6.11) lib/rack/runtime.rb:18:in `call'
  activesupport (4.2.7) lib/active_support/cache/strategy/local_cache_middleware.rb:28:in `call'
  rack (1.6.11) lib/rack/lock.rb:17:in `call'
  actionpack (4.2.7) lib/action_dispatch/middleware/static.rb:120:in `call'
  rack (1.6.11) lib/rack/sendfile.rb:113:in `call'
  railties (4.2.7) lib/rails/engine.rb:518:in `call'
  railties (4.2.7) lib/rails/application.rb:165:in `call'
  rack (1.6.11) lib/rack/lock.rb:17:in `call'
  rack (1.6.11) lib/rack/content_length.rb:15:in `call'
  rack (1.6.11) lib/rack/handler/webrick.rb:88:in `service'
  /home/vagrant/.rvm/rubies/ruby-2.3.1/lib/ruby/2.3.0/webrick/httpserver.rb:140:in `service'
  /home/vagrant/.rvm/rubies/ruby-2.3.1/lib/ruby/2.3.0/webrick/httpserver.rb:96:in `run'
  /home/vagrant/.rvm/rubies/ruby-2.3.1/lib/ruby/2.3.0/webrick/server.rb:296:in `block in start_thread'


  Rendered /home/vagrant/.rvm/gems/ruby-2.3.1/gems/actionpack-4.2.7/lib/action_dispatch/middleware/templates/rescues/_source.erb (4.6ms)
  Rendered /home/vagrant/.rvm/gems/ruby-2.3.1/gems/actionpack-4.2.7/lib/action_dispatch/middleware/templates/rescues/_trace.html.erb (3.2ms)
  Rendered /home/vagrant/.rvm/gems/ruby-2.3.1/gems/actionpack-4.2.7/lib/action_dispatch/middleware/templates/rescues/_request_and_response.html.erb (0.8ms)
  Rendered /home/vagrant/.rvm/gems/ruby-2.3.1/gems/actionpack-4.2.7/lib/action_dispatch/middleware/templates/rescues/missing_template.html.erb within rescues/layout (36.1ms)


Started GET "/users/new" for 10.0.2.2 at 2019-08-22 19:11:03 +0000
Cannot render console from 10.0.2.2! Allowed networks: 127.0.0.1, ::1, 127.0.0.0/127.255.255.255
Processing by UsersController#new as HTML
  Rendered users/new.html.erb within layouts/application (1.1ms)
Completed 200 OK in 2954ms (Views: 2953.0ms | ActiveRecord: 0.0ms)


Started GET "/assets/application.self-e80e8f2318043e8af94dddc2adad5a4f09739a8ebb323b3ab31cd71d45fd9113.css?body=1" for 10.0.2.2 at 2019-08-22 19:11:06 +0000
Cannot render console from 10.0.2.2! Allowed networks: 127.0.0.1, ::1, 127.0.0.0/127.255.255.255


Started GET "/assets/users.self-e3b0c44298fc1c149afbf4c8996fb92427ae41e4649b934ca495991b7852b855.css?body=1" for 10.0.2.2 at 2019-08-22 19:11:06 +0000
Cannot render console from 10.0.2.2! Allowed networks: 127.0.0.1, ::1, 127.0.0.0/127.255.255.255


Started GET "/assets/jquery.self-bd7ddd393353a8d2480a622e80342adf488fb6006d667e8b42e4c0073393abee.js?body=1" for 10.0.2.2 at 2019-08-22 19:11:06 +0000
Cannot render console from 10.0.2.2! Allowed networks: 127.0.0.1, ::1, 127.0.0.0/127.255.255.255


Started GET "/assets/jquery_ujs.self-784a997f6726036b1993eb2217c9cb558e1cbb801c6da88105588c56f13b466a.js?body=1" for 10.0.2.2 at 2019-08-22 19:11:06 +0000
Cannot render console from 10.0.2.2! Allowed networks: 127.0.0.1, ::1, 127.0.0.0/127.255.255.255


Started GET "/assets/turbolinks.self-569ee74eaa15c1e2019317ff770b8769b1ec033a0f572a485f64c82ddc8f989e.js?body=1" for 10.0.2.2 at 2019-08-22 19:11:07 +0000
Cannot render console from 10.0.2.2! Allowed networks: 127.0.0.1, ::1, 127.0.0.0/127.255.255.255


Started GET "/assets/users.self-877aef30ae1b040ab8a3aba4e3e309a11d7f2612f44dde450b5c157aa5f95c05.js?body=1" for 10.0.2.2 at 2019-08-22 19:11:07 +0000
Cannot render console from 10.0.2.2! Allowed networks: 127.0.0.1, ::1, 127.0.0.0/127.255.255.255


Started GET "/assets/application.self-3b8dabdc891efe46b9a144b400ad69e37d7e5876bdc39dee783419a69d7ca819.js?body=1" for 10.0.2.2 at 2019-08-22 19:11:07 +0000
Cannot render console from 10.0.2.2! Allowed networks: 127.0.0.1, ::1, 127.0.0.0/127.255.255.255


Started GET "/users/new" for 10.0.2.2 at 2019-08-22 19:25:00 +0000
Cannot render console from 10.0.2.2! Allowed networks: 127.0.0.1, ::1, 127.0.0.0/127.255.255.255
Processing by UsersController#new as HTML
  Rendered users/new.html.erb within layouts/application (1.6ms)
Completed 200 OK in 564ms (Views: 561.9ms | ActiveRecord: 0.0ms)


Started POST "/users/new" for 10.0.2.2 at 2019-08-22 19:25:23 +0000
Cannot render console from 10.0.2.2! Allowed networks: 127.0.0.1, ::1, 127.0.0.0/127.255.255.255

ActionController::RoutingError (No route matches [POST] "/users/new"):
  actionpack (4.2.7) lib/action_dispatch/middleware/debug_exceptions.rb:21:in `call'
  web-console (2.3.0) lib/web_console/middleware.rb:20:in `block in call'
  web-console (2.3.0) lib/web_console/middleware.rb:18:in `catch'
  web-console (2.3.0) lib/web_console/middleware.rb:18:in `call'
  actionpack (4.2.7) lib/action_dispatch/middleware/show_exceptions.rb:30:in `call'
  railties (4.2.7) lib/rails/rack/logger.rb:38:in `call_app'
  railties (4.2.7) lib/rails/rack/logger.rb:20:in `block in call'
  activesupport (4.2.7) lib/active_support/tagged_logging.rb:68:in `block in tagged'
  activesupport (4.2.7) lib/active_support/tagged_logging.rb:26:in `tagged'
  activesupport (4.2.7) lib/active_support/tagged_logging.rb:68:in `tagged'
  railties (4.2.7) lib/rails/rack/logger.rb:20:in `call'
  actionpack (4.2.7) lib/action_dispatch/middleware/request_id.rb:21:in `call'
  rack (1.6.11) lib/rack/methodoverride.rb:22:in `call'
  rack (1.6.11) lib/rack/runtime.rb:18:in `call'
  activesupport (4.2.7) lib/active_support/cache/strategy/local_cache_middleware.rb:28:in `call'
  rack (1.6.11) lib/rack/lock.rb:17:in `call'
  actionpack (4.2.7) lib/action_dispatch/middleware/static.rb:120:in `call'
  rack (1.6.11) lib/rack/sendfile.rb:113:in `call'
  railties (4.2.7) lib/rails/engine.rb:518:in `call'
  railties (4.2.7) lib/rails/application.rb:165:in `call'
  rack (1.6.11) lib/rack/lock.rb:17:in `call'
  rack (1.6.11) lib/rack/content_length.rb:15:in `call'
  rack (1.6.11) lib/rack/handler/webrick.rb:88:in `service'
  /home/vagrant/.rvm/rubies/ruby-2.3.1/lib/ruby/2.3.0/webrick/httpserver.rb:140:in `service'
  /home/vagrant/.rvm/rubies/ruby-2.3.1/lib/ruby/2.3.0/webrick/httpserver.rb:96:in `run'
  /home/vagrant/.rvm/rubies/ruby-2.3.1/lib/ruby/2.3.0/webrick/server.rb:296:in `block in start_thread'


  Rendered /home/vagrant/.rvm/gems/ruby-2.3.1/gems/actionpack-4.2.7/lib/action_dispatch/middleware/templates/rescues/_trace.html.erb (1.7ms)
  Rendered /home/vagrant/.rvm/gems/ruby-2.3.1/gems/actionpack-4.2.7/lib/action_dispatch/middleware/templates/routes/_route.html.erb (1.9ms)
  Rendered /home/vagrant/.rvm/gems/ruby-2.3.1/gems/actionpack-4.2.7/lib/action_dispatch/middleware/templates/routes/_table.html.erb (47.0ms)
  Rendered /home/vagrant/.rvm/gems/ruby-2.3.1/gems/actionpack-4.2.7/lib/action_dispatch/middleware/templates/rescues/_request_and_response.html.erb (2.3ms)
  Rendered /home/vagrant/.rvm/gems/ruby-2.3.1/gems/actionpack-4.2.7/lib/action_dispatch/middleware/templates/rescues/routing_error.html.erb within rescues/layout (90.7ms)
  [1m[36mActiveRecord::SchemaMigration Load (7.7ms)[0m  [1mSELECT "schema_migrations".* FROM "schema_migrations"[0m
Migrating to CreateSecrets (20190823204439)
  [1m[35m (0.1ms)[0m  begin transaction
  [1m[36m (7.6ms)[0m  [1mCREATE TABLE "secrets" ("id" INTEGER PRIMARY KEY AUTOINCREMENT NOT NULL, "user_id" integer, "created_at" datetime NOT NULL, "updated_at" datetime NOT NULL) [0m
  [1m[35m (0.1ms)[0m  select sqlite_version(*)
  [1m[36m (0.2ms)[0m  [1mCREATE  INDEX "index_secrets_on_user_id" ON "secrets" ("user_id")[0m
  [1m[35mSQL (1.6ms)[0m  INSERT INTO "schema_migrations" ("version") VALUES (?)  [["version", "20190823204439"]]
  [1m[36m (6.3ms)[0m  [1mcommit transaction[0m
Migrating to CreateLikes (20190823213649)
  [1m[35m (0.1ms)[0m  begin transaction
  [1m[36m (3.2ms)[0m  [1mCREATE TABLE "likes" ("id" INTEGER PRIMARY KEY AUTOINCREMENT NOT NULL, "user_id" integer, "secret_id" integer, "created_at" datetime NOT NULL, "updated_at" datetime NOT NULL) [0m
  [1m[35m (0.1ms)[0m  CREATE  INDEX "index_likes_on_user_id" ON "likes" ("user_id")
  [1m[36m (0.1ms)[0m  [1m            SELECT sql
            FROM sqlite_master
            WHERE name='index_likes_on_user_id' AND type='index'
            UNION ALL
            SELECT sql
            FROM sqlite_temp_master
            WHERE name='index_likes_on_user_id' AND type='index'
[0m
  [1m[35m (0.2ms)[0m  CREATE  INDEX "index_likes_on_secret_id" ON "likes" ("secret_id")
  [1m[36mSQL (1.1ms)[0m  [1mINSERT INTO "schema_migrations" ("version") VALUES (?)[0m  [["version", "20190823213649"]]
  [1m[35m (7.8ms)[0m  commit transaction
  [1m[36mActiveRecord::SchemaMigration Load (2.1ms)[0m  [1mSELECT "schema_migrations".* FROM "schema_migrations"[0m
  [1m[35m (2.5ms)[0m              SELECT sql
            FROM sqlite_master
            WHERE name='index_likes_on_secret_id' AND type='index'
            UNION ALL
            SELECT sql
            FROM sqlite_temp_master
            WHERE name='index_likes_on_secret_id' AND type='index'

  [1m[36m (1.6ms)[0m  [1m            SELECT sql
            FROM sqlite_master
            WHERE name='index_likes_on_user_id' AND type='index'
            UNION ALL
            SELECT sql
            FROM sqlite_temp_master
            WHERE name='index_likes_on_user_id' AND type='index'
[0m
  [1m[35m (2.4ms)[0m              SELECT sql
            FROM sqlite_master
            WHERE name='index_secrets_on_user_id' AND type='index'
            UNION ALL
            SELECT sql
            FROM sqlite_temp_master
            WHERE name='index_secrets_on_user_id' AND type='index'

